<?xml version="1.0" encoding="UTF-8"?>
<!-- Generated by org.testng.reporters.JUnitReportReporter -->
<testsuite hostname="MKD-CORP-BCP072" failures="0" tests="1" name="com.cyient.Task1.SignUpTest" time="9.790" errors="0" timestamp="2021-06-14T00:44:36 IST" skipped="0">
  <testcase classname="com.cyient.Task1.SignUpTest" name="testSingup" time="9.790"/>
  <system-out/>
</testsuite> <!-- com.cyient.Task1.SignUpTest -->
