<?xml version="1.0" encoding="UTF-8"?>
<!-- Generated by org.testng.reporters.JUnitReportReporter -->
<testsuite hostname="MKD-CORP-BCP072" failures="0" tests="1" name="com.cyient.Task3.DealTset" time="28.465" errors="0" timestamp="2021-06-14T00:43:39 IST" skipped="0">
  <testcase classname="com.cyient.Task3.DealTset" name="dealTest" time="28.465"/>
  <system-out/>
</testsuite> <!-- com.cyient.Task3.DealTset -->
