<?xml version="1.0" encoding="UTF-8"?>
<!-- Generated by org.testng.reporters.JUnitReportReporter -->
<testsuite hostname="MKD-CORP-BCP072" failures="0" tests="1" name="com.cyient.task2.SignupTask2" time="8.501" errors="0" timestamp="2021-06-13T23:45:27 IST" skipped="0">
  <testcase classname="com.cyient.task2.SignupTask2" name="testTask" time="8.501"/>
  <system-out/>
</testsuite> <!-- com.cyient.task2.SignupTask2 -->
